# Logfile created on 2011-09-23 21:36:10 +0200 by logger.rb/25413
I, [2011-09-23T21:36:10.534970 #27754]  INFO -- : *** below you find the most recent exception thrown, this will be likely (but not certainly) the exception that made the application exit abnormally ***
E, [2011-09-23T21:36:10.535146 #27754] ERROR -- : undefined method `unpack' for nil:NilClass (NoMethodError)
/Users/buffpojken/.rvm/gems/ruby-1.9.2-p180/gems/rack-1.3.3/lib/rack/session/cookie.rb:52:in `decode'
/Users/buffpojken/.rvm/gems/ruby-1.9.2-p180/gems/rack-1.3.3/lib/rack/session/cookie.rb:62:in `decode'
/Users/buffpojken/.rvm/gems/ruby-1.9.2-p180/gems/rack-1.3.3/lib/rack/session/cookie.rb:109:in `unpacked_cookie_data'
/Users/buffpojken/.rvm/gems/ruby-1.9.2-p180/gems/rack-1.3.3/lib/rack/session/cookie.rb:96:in `extract_session_id'
/Users/buffpojken/.rvm/gems/ruby-1.9.2-p180/gems/rack-1.3.3/lib/rack/session/abstract/id.rb:43:in `load_session_id!'
/Users/buffpojken/.rvm/gems/ruby-1.9.2-p180/gems/rack-1.3.3/lib/rack/session/abstract/id.rb:32:in `[]'
/Users/buffpojken/.rvm/gems/ruby-1.9.2-p180/gems/rack-1.3.3/lib/rack/session/abstract/id.rb:252:in `current_session_id'
/Users/buffpojken/.rvm/gems/ruby-1.9.2-p180/gems/rack-1.3.3/lib/rack/session/abstract/id.rb:258:in `session_exists?'
/Users/buffpojken/.rvm/gems/ruby-1.9.2-p180/gems/rack-1.3.3/lib/rack/session/abstract/id.rb:104:in `exists?'
/Users/buffpojken/.rvm/gems/ruby-1.9.2-p180/gems/rack-1.3.3/lib/rack/session/abstract/id.rb:114:in `load_for_read!'
/Users/buffpojken/.rvm/gems/ruby-1.9.2-p180/gems/rack-1.3.3/lib/rack/session/abstract/id.rb:59:in `[]'
/Users/buffpojken/.rvm/gems/ruby-1.9.2-p180/gems/rack-flash-0.1.2/lib/rack/flash.rb:112:in `values'
/Users/buffpojken/.rvm/gems/ruby-1.9.2-p180/gems/rack-flash-0.1.2/lib/rack/flash.rb:55:in `[]'
/Users/buffpojken/Projects/Ruby/keyhole/lib/webgui/views/frontpage.erb:12:in `evaluate_source'
/Users/buffpojken/.rvm/gems/ruby-1.9.2-p180/gems/tilt-1.3.3/lib/tilt/template.rb:209:in `instance_eval'
/Users/buffpojken/.rvm/gems/ruby-1.9.2-p180/gems/tilt-1.3.3/lib/tilt/template.rb:209:in `evaluate_source'
/Users/buffpojken/.rvm/gems/ruby-1.9.2-p180/gems/tilt-1.3.3/lib/tilt/template.rb:144:in `cached_evaluate'
/Users/buffpojken/.rvm/gems/ruby-1.9.2-p180/gems/tilt-1.3.3/lib/tilt/template.rb:127:in `evaluate'
/Users/buffpojken/.rvm/gems/ruby-1.9.2-p180/gems/tilt-1.3.3/lib/tilt/template.rb:76:in `render'
/Users/buffpojken/.rvm/gems/ruby-1.9.2-p180/gems/sinatra-1.2.6/lib/sinatra/base.rb:563:in `render'
/Users/buffpojken/.rvm/gems/ruby-1.9.2-p180/gems/sinatra-1.2.6/lib/sinatra/base.rb:455:in `erb'
/Users/buffpojken/Projects/Ruby/keyhole/lib/webgui/webgui.rb:58:in `block in <class:WebGui>'
/Users/buffpojken/.rvm/gems/ruby-1.9.2-p180/gems/sinatra-1.2.6/lib/sinatra/base.rb:1152:in `call'
/Users/buffpojken/.rvm/gems/ruby-1.9.2-p180/gems/sinatra-1.2.6/lib/sinatra/base.rb:1152:in `block in compile!'
/Users/buffpojken/.rvm/gems/ruby-1.9.2-p180/gems/sinatra-1.2.6/lib/sinatra/base.rb:724:in `instance_eval'
/Users/buffpojken/.rvm/gems/ruby-1.9.2-p180/gems/sinatra-1.2.6/lib/sinatra/base.rb:724:in `route_eval'
/Users/buffpojken/.rvm/gems/ruby-1.9.2-p180/gems/sinatra-1.2.6/lib/sinatra/base.rb:708:in `block (2 levels) in route!'
/Users/buffpojken/.rvm/gems/ruby-1.9.2-p180/gems/sinatra-1.2.6/lib/sinatra/base.rb:758:in `block in process_route'
/Users/buffpojken/.rvm/gems/ruby-1.9.2-p180/gems/sinatra-1.2.6/lib/sinatra/base.rb:755:in `catch'
/Users/buffpojken/.rvm/gems/ruby-1.9.2-p180/gems/sinatra-1.2.6/lib/sinatra/base.rb:755:in `process_route'
/Users/buffpojken/.rvm/gems/ruby-1.9.2-p180/gems/sinatra-1.2.6/lib/sinatra/base.rb:707:in `block in route!'
/Users/buffpojken/.rvm/gems/ruby-1.9.2-p180/gems/sinatra-1.2.6/lib/sinatra/base.rb:706:in `each'
/Users/buffpojken/.rvm/gems/ruby-1.9.2-p180/gems/sinatra-1.2.6/lib/sinatra/base.rb:706:in `route!'
/Users/buffpojken/.rvm/gems/ruby-1.9.2-p180/gems/sinatra-1.2.6/lib/sinatra/base.rb:843:in `dispatch!'
/Users/buffpojken/.rvm/gems/ruby-1.9.2-p180/gems/sinatra-1.2.6/lib/sinatra/base.rb:644:in `block in call!'
/Users/buffpojken/.rvm/gems/ruby-1.9.2-p180/gems/sinatra-1.2.6/lib/sinatra/base.rb:808:in `instance_eval'
/Users/buffpojken/.rvm/gems/ruby-1.9.2-p180/gems/sinatra-1.2.6/lib/sinatra/base.rb:808:in `block in invoke'
/Users/buffpojken/.rvm/gems/ruby-1.9.2-p180/gems/sinatra-1.2.6/lib/sinatra/base.rb:808:in `catch'
/Users/buffpojken/.rvm/gems/ruby-1.9.2-p180/gems/sinatra-1.2.6/lib/sinatra/base.rb:808:in `invoke'
/Users/buffpojken/.rvm/gems/ruby-1.9.2-p180/gems/sinatra-1.2.6/lib/sinatra/base.rb:644:in `call!'
/Users/buffpojken/.rvm/gems/ruby-1.9.2-p180/gems/sinatra-1.2.6/lib/sinatra/base.rb:629:in `call'
/Users/buffpojken/.rvm/gems/ruby-1.9.2-p180/gems/rack-flash-0.1.2/lib/rack/flash.rb:147:in `call'
/Users/buffpojken/.rvm/gems/ruby-1.9.2-p180/gems/rack-1.3.3/lib/rack/session/abstract/id.rb:195:in `context'
/Users/buffpojken/.rvm/gems/ruby-1.9.2-p180/gems/rack-1.3.3/lib/rack/session/abstract/id.rb:190:in `call'
/Users/buffpojken/.rvm/gems/ruby-1.9.2-p180/gems/rack-1.3.3/lib/rack/head.rb:9:in `call'
/Users/buffpojken/.rvm/gems/ruby-1.9.2-p180/gems/sinatra-1.2.6/lib/sinatra/showexceptions.rb:21:in `call'
/Users/buffpojken/.rvm/gems/ruby-1.9.2-p180/gems/sinatra-1.2.6/lib/sinatra/base.rb:1272:in `block in call'
/Users/buffpojken/.rvm/gems/ruby-1.9.2-p180/gems/sinatra-1.2.6/lib/sinatra/base.rb:1303:in `synchronize'
/Users/buffpojken/.rvm/gems/ruby-1.9.2-p180/gems/sinatra-1.2.6/lib/sinatra/base.rb:1272:in `call'
/Users/buffpojken/.rvm/gems/ruby-1.9.2-p180/gems/thin-1.2.11/lib/thin/connection.rb:84:in `block in pre_process'
/Users/buffpojken/.rvm/gems/ruby-1.9.2-p180/gems/thin-1.2.11/lib/thin/connection.rb:82:in `catch'
/Users/buffpojken/.rvm/gems/ruby-1.9.2-p180/gems/thin-1.2.11/lib/thin/connection.rb:82:in `pre_process'
/Users/buffpojken/.rvm/gems/ruby-1.9.2-p180/gems/thin-1.2.11/lib/thin/connection.rb:57:in `process'
/Users/buffpojken/.rvm/gems/ruby-1.9.2-p180/gems/thin-1.2.11/lib/thin/connection.rb:42:in `receive_data'
/Users/buffpojken/.rvm/gems/ruby-1.9.2-p180/gems/eventmachine-0.12.10/lib/eventmachine.rb:256:in `run_machine'
/Users/buffpojken/.rvm/gems/ruby-1.9.2-p180/gems/eventmachine-0.12.10/lib/eventmachine.rb:256:in `run'
/Users/buffpojken/Projects/Ruby/keyhole/lib/keyhole.rb:14:in `<top (required)>'
/Users/buffpojken/.rvm/gems/ruby-1.9.2-p180/gems/daemons-1.1.4/lib/daemons/application.rb:202:in `load'
/Users/buffpojken/.rvm/gems/ruby-1.9.2-p180/gems/daemons-1.1.4/lib/daemons/application.rb:202:in `start_load'
/Users/buffpojken/.rvm/gems/ruby-1.9.2-p180/gems/daemons-1.1.4/lib/daemons/application.rb:295:in `start'
/Users/buffpojken/.rvm/gems/ruby-1.9.2-p180/gems/daemons-1.1.4/lib/daemons/controller.rb:70:in `run'
/Users/buffpojken/.rvm/gems/ruby-1.9.2-p180/gems/daemons-1.1.4/lib/daemons.rb:145:in `block in run'
/Users/buffpojken/.rvm/gems/ruby-1.9.2-p180/gems/daemons-1.1.4/lib/daemons/cmdline.rb:109:in `call'
/Users/buffpojken/.rvm/gems/ruby-1.9.2-p180/gems/daemons-1.1.4/lib/daemons/cmdline.rb:109:in `catch_exceptions'
/Users/buffpojken/.rvm/gems/ruby-1.9.2-p180/gems/daemons-1.1.4/lib/daemons.rb:144:in `run'
./keyhole:8:in `<main>'
I, [2011-09-23T21:36:10.535393 #27754]  INFO -- : *** below you find all exception objects found in memory, some of them may have been thrown in your application, others may just be in memory because they are standard exceptions ***
E, [2011-09-23T21:36:10.537548 #27754] ERROR -- : failed to allocate memory (NoMemoryError)

E, [2011-09-23T21:36:10.537647 #27754] ERROR -- : stack level too deep (SystemStackError)

E, [2011-09-23T21:36:10.538030 #27754] ERROR -- : exception reentered (fatal)

E, [2011-09-23T21:36:10.566286 #27754] ERROR -- : undefined method `to_ary' for #<Gem::Specification name=tzinfo version=0.3.29> (NoMethodError)
/Users/buffpojken/.rvm/rubies/ruby-1.9.2-p180/lib/ruby/site_ruby/1.9.1/rubygems/specification.rb:559:in `method_missing'
/Users/buffpojken/.rvm/rubies/ruby-1.9.2-p180/lib/ruby/site_ruby/1.9.1/rubygems/gem_path_searcher.rb:87:in `flatten'
/Users/buffpojken/.rvm/rubies/ruby-1.9.2-p180/lib/ruby/site_ruby/1.9.1/rubygems/gem_path_searcher.rb:87:in `find_in_unresolved_tree'
/Users/buffpojken/.rvm/rubies/ruby-1.9.2-p180/lib/ruby/site_ruby/1.9.1/rubygems/custom_require.rb:45:in `require'
/Users/buffpojken/.rvm/gems/ruby-1.9.2-p180/gems/activesupport-3.0.9/lib/active_support/dependencies.rb:239:in `block in require'
/Users/buffpojken/.rvm/gems/ruby-1.9.2-p180/gems/activesupport-3.0.9/lib/active_support/dependencies.rb:225:in `block in load_dependency'
/Users/buffpojken/.rvm/gems/ruby-1.9.2-p180/gems/activesupport-3.0.9/lib/active_support/dependencies.rb:596:in `new_constants_in'
/Users/buffpojken/.rvm/gems/ruby-1.9.2-p180/gems/activesupport-3.0.9/lib/active_support/dependencies.rb:225:in `load_dependency'
/Users/buffpojken/.rvm/gems/ruby-1.9.2-p180/gems/activesupport-3.0.9/lib/active_support/dependencies.rb:239:in `require'
/Users/buffpojken/.rvm/gems/ruby-1.9.2-p180/gems/daemons-1.1.4/lib/daemons/application.rb:341:in `exception_log'
/Users/buffpojken/.rvm/gems/ruby-1.9.2-p180/gems/daemons-1.1.4/lib/daemons/application.rb:164:in `block in start_load'
E, [2011-09-23T21:36:10.566522 #27754] ERROR -- : undefined method `to_ary' for #<Gem::Specification name=tzinfo version=0.3.28> (NoMethodError)
/Users/buffpojken/.rvm/rubies/ruby-1.9.2-p180/lib/ruby/site_ruby/1.9.1/rubygems/specification.rb:559:in `method_missing'
/Users/buffpojken/.rvm/rubies/ruby-1.9.2-p180/lib/ruby/site_ruby/1.9.1/rubygems/gem_path_searcher.rb:87:in `flatten'
/Users/buffpojken/.rvm/rubies/ruby-1.9.2-p180/lib/ruby/site_ruby/1.9.1/rubygems/gem_path_searcher.rb:87:in `find_in_unresolved_tree'
/Users/buffpojken/.rvm/rubies/ruby-1.9.2-p180/lib/ruby/site_ruby/1.9.1/rubygems/custom_require.rb:45:in `require'
/Users/buffpojken/.rvm/gems/ruby-1.9.2-p180/gems/activesupport-3.0.9/lib/active_support/dependencies.rb:239:in `block in require'
/Users/buffpojken/.rvm/gems/ruby-1.9.2-p180/gems/activesupport-3.0.9/lib/active_support/dependencies.rb:225:in `block in load_dependency'
/Users/buffpojken/.rvm/gems/ruby-1.9.2-p180/gems/activesupport-3.0.9/lib/active_support/dependencies.rb:596:in `new_constants_in'
/Users/buffpojken/.rvm/gems/ruby-1.9.2-p180/gems/activesupport-3.0.9/lib/active_support/dependencies.rb:225:in `load_dependency'
/Users/buffpojken/.rvm/gems/ruby-1.9.2-p180/gems/activesupport-3.0.9/lib/active_support/dependencies.rb:239:in `require'
/Users/buffpojken/.rvm/gems/ruby-1.9.2-p180/gems/daemons-1.1.4/lib/daemons/application.rb:341:in `exception_log'
/Users/buffpojken/.rvm/gems/ruby-1.9.2-p180/gems/daemons-1.1.4/lib/daemons/application.rb:164:in `block in start_load'
E, [2011-09-23T21:36:10.566622 #27754] ERROR -- : undefined method `to_ary' for #<Gem::Specification name=tzinfo version=0.3.27> (NoMethodError)
/Users/buffpojken/.rvm/rubies/ruby-1.9.2-p180/lib/ruby/site_ruby/1.9.1/rubygems/specification.rb:559:in `method_missing'
/Users/buffpojken/.rvm/rubies/ruby-1.9.2-p180/lib/ruby/site_ruby/1.9.1/rubygems/gem_path_searcher.rb:87:in `flatten'
/Users/buffpojken/.rvm/rubies/ruby-1.9.2-p180/lib/ruby/site_ruby/1.9.1/rubygems/gem_path_searcher.rb:87:in `find_in_unresolved_tree'
/Users/buffpojken/.rvm/rubies/ruby-1.9.2-p180/lib/ruby/site_ruby/1.9.1/rubygems/custom_require.rb:45:in `require'
/Users/buffpojken/.rvm/gems/ruby-1.9.2-p180/gems/activesupport-3.0.9/lib/active_support/dependencies.rb:239:in `block in require'
/Users/buffpojken/.rvm/gems/ruby-1.9.2-p180/gems/activesupport-3.0.9/lib/active_support/dependencies.rb:225:in `block in load_dependency'
/Users/buffpojken/.rvm/gems/ruby-1.9.2-p180/gems/activesupport-3.0.9/lib/active_support/dependencies.rb:596:in `new_constants_in'
/Users/buffpojken/.rvm/gems/ruby-1.9.2-p180/gems/activesupport-3.0.9/lib/active_support/dependencies.rb:225:in `load_dependency'
/Users/buffpojken/.rvm/gems/ruby-1.9.2-p180/gems/activesupport-3.0.9/lib/active_support/dependencies.rb:239:in `require'
/Users/buffpojken/.rvm/gems/ruby-1.9.2-p180/gems/daemons-1.1.4/lib/daemons/application.rb:341:in `exception_log'
/Users/buffpojken/.rvm/gems/ruby-1.9.2-p180/gems/daemons-1.1.4/lib/daemons/application.rb:164:in `block in start_load'
E, [2011-09-23T21:36:10.566750 #27754] ERROR -- : undefined method `to_ary' for #<Gem::Specification name=tzinfo version=0.3.29> (NoMethodError)
/Users/buffpojken/.rvm/rubies/ruby-1.9.2-p180/lib/ruby/site_ruby/1.9.1/rubygems/specification.rb:559:in `method_missing'
/Users/buffpojken/.rvm/rubies/ruby-1.9.2-p180/lib/ruby/site_ruby/1.9.1/rubygems/gem_path_searcher.rb:74:in `flatten'
/Users/buffpojken/.rvm/rubies/ruby-1.9.2-p180/lib/ruby/site_ruby/1.9.1/rubygems/gem_path_searcher.rb:74:in `find_in_unresolved'
/Users/buffpojken/.rvm/rubies/ruby-1.9.2-p180/lib/ruby/site_ruby/1.9.1/rubygems/custom_require.rb:41:in `require'
/Users/buffpojken/.rvm/gems/ruby-1.9.2-p180/gems/activesupport-3.0.9/lib/active_support/dependencies.rb:239:in `block in require'
/Users/buffpojken/.rvm/gems/ruby-1.9.2-p180/gems/activesupport-3.0.9/lib/active_support/dependencies.rb:225:in `block in load_dependency'
/Users/buffpojken/.rvm/gems/ruby-1.9.2-p180/gems/activesupport-3.0.9/lib/active_support/dependencies.rb:596:in `new_constants_in'
/Users/buffpojken/.rvm/gems/ruby-1.9.2-p180/gems/activesupport-3.0.9/lib/active_support/dependencies.rb:225:in `load_dependency'
/Users/buffpojken/.rvm/gems/ruby-1.9.2-p180/gems/activesupport-3.0.9/lib/active_support/dependencies.rb:239:in `require'
/Users/buffpojken/.rvm/gems/ruby-1.9.2-p180/gems/daemons-1.1.4/lib/daemons/application.rb:341:in `exception_log'
/Users/buffpojken/.rvm/gems/ruby-1.9.2-p180/gems/daemons-1.1.4/lib/daemons/application.rb:164:in `block in start_load'
E, [2011-09-23T21:36:10.566860 #27754] ERROR -- : undefined method `to_ary' for #<Gem::Specification name=tzinfo version=0.3.28> (NoMethodError)
/Users/buffpojken/.rvm/rubies/ruby-1.9.2-p180/lib/ruby/site_ruby/1.9.1/rubygems/specification.rb:559:in `method_missing'
/Users/buffpojken/.rvm/rubies/ruby-1.9.2-p180/lib/ruby/site_ruby/1.9.1/rubygems/gem_path_searcher.rb:74:in `flatten'
/Users/buffpojken/.rvm/rubies/ruby-1.9.2-p180/lib/ruby/site_ruby/1.9.1/rubygems/gem_path_searcher.rb:74:in `find_in_unresolved'
/Users/buffpojken/.rvm/rubies/ruby-1.9.2-p180/lib/ruby/site_ruby/1.9.1/rubygems/custom_require.rb:41:in `require'
/Users/buffpojken/.rvm/gems/ruby-1.9.2-p180/gems/activesupport-3.0.9/lib/active_support/dependencies.rb:239:in `block in require'
/Users/buffpojken/.rvm/gems/ruby-1.9.2-p180/gems/activesupport-3.0.9/lib/active_support/dependencies.rb:225:in `block in load_dependency'
/Users/buffpojken/.rvm/gems/ruby-1.9.2-p180/gems/activesupport-3.0.9/lib/active_support/dependencies.rb:596:in `new_constants_in'
/Users/buffpojken/.rvm/gems/ruby-1.9.2-p180/gems/activesupport-3.0.9/lib/active_support/dependencies.rb:225:in `load_dependency'
/Users/buffpojken/.rvm/gems/ruby-1.9.2-p180/gems/activesupport-3.0.9/lib/active_support/dependencies.rb:239:in `require'
/Users/buffpojken/.rvm/gems/ruby-1.9.2-p180/gems/daemons-1.1.4/lib/daemons/application.rb:341:in `exception_log'
/Users/buffpojken/.rvm/gems/ruby-1.9.2-p180/gems/daemons-1.1.4/lib/daemons/application.rb:164:in `block in start_load'
E, [2011-09-23T21:36:10.566954 #27754] ERROR -- : undefined method `to_ary' for #<Gem::Specification name=tzinfo version=0.3.27> (NoMethodError)
/Users/buffpojken/.rvm/rubies/ruby-1.9.2-p180/lib/ruby/site_ruby/1.9.1/rubygems/specification.rb:559:in `method_missing'
/Users/buffpojken/.rvm/rubies/ruby-1.9.2-p180/lib/ruby/site_ruby/1.9.1/rubygems/gem_path_searcher.rb:74:in `flatten'
/Users/buffpojken/.rvm/rubies/ruby-1.9.2-p180/lib/ruby/site_ruby/1.9.1/rubygems/gem_path_searcher.rb:74:in `find_in_unresolved'
/Users/buffpojken/.rvm/rubies/ruby-1.9.2-p180/lib/ruby/site_ruby/1.9.1/rubygems/custom_require.rb:41:in `require'
/Users/buffpojken/.rvm/gems/ruby-1.9.2-p180/gems/activesupport-3.0.9/lib/active_support/dependencies.rb:239:in `block in require'
/Users/buffpojken/.rvm/gems/ruby-1.9.2-p180/gems/activesupport-3.0.9/lib/active_support/dependencies.rb:225:in `block in load_dependency'
/Users/buffpojken/.rvm/gems/ruby-1.9.2-p180/gems/activesupport-3.0.9/lib/active_support/dependencies.rb:596:in `new_constants_in'
/Users/buffpojken/.rvm/gems/ruby-1.9.2-p180/gems/activesupport-3.0.9/lib/active_support/dependencies.rb:225:in `load_dependency'
/Users/buffpojken/.rvm/gems/ruby-1.9.2-p180/gems/activesupport-3.0.9/lib/active_support/dependencies.rb:239:in `require'
/Users/buffpojken/.rvm/gems/ruby-1.9.2-p180/gems/daemons-1.1.4/lib/daemons/application.rb:341:in `exception_log'
/Users/buffpojken/.rvm/gems/ruby-1.9.2-p180/gems/daemons-1.1.4/lib/daemons/application.rb:164:in `block in start_load'
E, [2011-09-23T21:36:10.570331 #27754] ERROR -- : not RFC 2616 compliant date: nil (ArgumentError)
/Users/buffpojken/.rvm/rubies/ruby-1.9.2-p180/lib/ruby/1.9.1/time.rb:390:in `httpdate'
/Users/buffpojken/.rvm/gems/ruby-1.9.2-p180/gems/sinatra-1.2.6/lib/sinatra/base.rb:370:in `last_modified'
/Users/buffpojken/.rvm/gems/ruby-1.9.2-p180/gems/sinatra-1.2.6/lib/sinatra/base.rb:207:in `send_file'
/Users/buffpojken/.rvm/gems/ruby-1.9.2-p180/gems/sinatra-1.2.6/lib/sinatra/base.rb:789:in `static!'
/Users/buffpojken/.rvm/gems/ruby-1.9.2-p180/gems/sinatra-1.2.6/lib/sinatra/base.rb:841:in `dispatch!'
/Users/buffpojken/.rvm/gems/ruby-1.9.2-p180/gems/sinatra-1.2.6/lib/sinatra/base.rb:644:in `block in call!'
/Users/buffpojken/.rvm/gems/ruby-1.9.2-p180/gems/sinatra-1.2.6/lib/sinatra/base.rb:808:in `instance_eval'
/Users/buffpojken/.rvm/gems/ruby-1.9.2-p180/gems/sinatra-1.2.6/lib/sinatra/base.rb:808:in `block in invoke'
/Users/buffpojken/.rvm/gems/ruby-1.9.2-p180/gems/sinatra-1.2.6/lib/sinatra/base.rb:808:in `catch'
/Users/buffpojken/.rvm/gems/ruby-1.9.2-p180/gems/sinatra-1.2.6/lib/sinatra/base.rb:808:in `invoke'
/Users/buffpojken/.rvm/gems/ruby-1.9.2-p180/gems/sinatra-1.2.6/lib/sinatra/base.rb:644:in `call!'
/Users/buffpojken/.rvm/gems/ruby-1.9.2-p180/gems/sinatra-1.2.6/lib/sinatra/base.rb:629:in `call'
/Users/buffpojken/.rvm/gems/ruby-1.9.2-p180/gems/rack-flash-0.1.2/lib/rack/flash.rb:147:in `call'
/Users/buffpojken/.rvm/gems/ruby-1.9.2-p180/gems/rack-1.3.3/lib/rack/session/abstract/id.rb:195:in `context'
/Users/buffpojken/.rvm/gems/ruby-1.9.2-p180/gems/rack-1.3.3/lib/rack/session/abstract/id.rb:190:in `call'
/Users/buffpojken/.rvm/gems/ruby-1.9.2-p180/gems/rack-1.3.3/lib/rack/head.rb:9:in `call'
/Users/buffpojken/.rvm/gems/ruby-1.9.2-p180/gems/sinatra-1.2.6/lib/sinatra/showexceptions.rb:21:in `call'
/Users/buffpojken/.rvm/gems/ruby-1.9.2-p180/gems/sinatra-1.2.6/lib/sinatra/base.rb:1272:in `block in call'
/Users/buffpojken/.rvm/gems/ruby-1.9.2-p180/gems/sinatra-1.2.6/lib/sinatra/base.rb:1303:in `synchronize'
/Users/buffpojken/.rvm/gems/ruby-1.9.2-p180/gems/sinatra-1.2.6/lib/sinatra/base.rb:1272:in `call'
/Users/buffpojken/.rvm/gems/ruby-1.9.2-p180/gems/thin-1.2.11/lib/thin/connection.rb:84:in `block in pre_process'
/Users/buffpojken/.rvm/gems/ruby-1.9.2-p180/gems/thin-1.2.11/lib/thin/connection.rb:82:in `catch'
/Users/buffpojken/.rvm/gems/ruby-1.9.2-p180/gems/thin-1.2.11/lib/thin/connection.rb:82:in `pre_process'
/Users/buffpojken/.rvm/gems/ruby-1.9.2-p180/gems/thin-1.2.11/lib/thin/connection.rb:57:in `process'
/Users/buffpojken/.rvm/gems/ruby-1.9.2-p180/gems/thin-1.2.11/lib/thin/connection.rb:42:in `receive_data'
/Users/buffpojken/.rvm/gems/ruby-1.9.2-p180/gems/eventmachine-0.12.10/lib/eventmachine.rb:256:in `run_machine'
/Users/buffpojken/.rvm/gems/ruby-1.9.2-p180/gems/eventmachine-0.12.10/lib/eventmachine.rb:256:in `run'
/Users/buffpojken/Projects/Ruby/keyhole/lib/keyhole.rb:14:in `<top (required)>'
/Users/buffpojken/.rvm/gems/ruby-1.9.2-p180/gems/daemons-1.1.4/lib/daemons/application.rb:202:in `load'
/Users/buffpojken/.rvm/gems/ruby-1.9.2-p180/gems/daemons-1.1.4/lib/daemons/application.rb:202:in `start_load'
/Users/buffpojken/.rvm/gems/ruby-1.9.2-p180/gems/daemons-1.1.4/lib/daemons/application.rb:295:in `start'
/Users/buffpojken/.rvm/gems/ruby-1.9.2-p180/gems/daemons-1.1.4/lib/daemons/controller.rb:70:in `run'
/Users/buffpojken/.rvm/gems/ruby-1.9.2-p180/gems/daemons-1.1.4/lib/daemons.rb:145:in `block in run'
/Users/buffpojken/.rvm/gems/ruby-1.9.2-p180/gems/daemons-1.1.4/lib/daemons/cmdline.rb:109:in `call'
/Users/buffpojken/.rvm/gems/ruby-1.9.2-p180/gems/daemons-1.1.4/lib/daemons/cmdline.rb:109:in `catch_exceptions'
/Users/buffpojken/.rvm/gems/ruby-1.9.2-p180/gems/daemons-1.1.4/lib/daemons.rb:144:in `run'
./keyhole:8:in `<main>'
E, [2011-09-23T21:36:10.570590 #27754] ERROR -- : not RFC 2616 compliant date: nil (ArgumentError)
/Users/buffpojken/.rvm/rubies/ruby-1.9.2-p180/lib/ruby/1.9.1/time.rb:390:in `httpdate'
/Users/buffpojken/.rvm/gems/ruby-1.9.2-p180/gems/sinatra-1.2.6/lib/sinatra/base.rb:370:in `last_modified'
/Users/buffpojken/.rvm/gems/ruby-1.9.2-p180/gems/sinatra-1.2.6/lib/sinatra/base.rb:207:in `send_file'
/Users/buffpojken/.rvm/gems/ruby-1.9.2-p180/gems/sinatra-1.2.6/lib/sinatra/base.rb:789:in `static!'
/Users/buffpojken/.rvm/gems/ruby-1.9.2-p180/gems/sinatra-1.2.6/lib/sinatra/base.rb:841:in `dispatch!'
/Users/buffpojken/.rvm/gems/ruby-1.9.2-p180/gems/sinatra-1.2.6/lib/sinatra/base.rb:644:in `block in call!'
/Users/buffpojken/.rvm/gems/ruby-1.9.2-p180/gems/sinatra-1.2.6/lib/sinatra/base.rb:808:in `instance_eval'
/Users/buffpojken/.rvm/gems/ruby-1.9.2-p180/gems/sinatra-1.2.6/lib/sinatra/base.rb:808:in `block in invoke'
/Users/buffpojken/.rvm/gems/ruby-1.9.2-p180/gems/sinatra-1.2.6/lib/sinatra/base.rb:808:in `catch'
/Users/buffpojken/.rvm/gems/ruby-1.9.2-p180/gems/sinatra-1.2.6/lib/sinatra/base.rb:808:in `invoke'
/Users/buffpojken/.rvm/gems/ruby-1.9.2-p180/gems/sinatra-1.2.6/lib/sinatra/base.rb:644:in `call!'
/Users/buffpojken/.rvm/gems/ruby-1.9.2-p180/gems/sinatra-1.2.6/lib/sinatra/base.rb:629:in `call'
/Users/buffpojken/.rvm/gems/ruby-1.9.2-p180/gems/rack-flash-0.1.2/lib/rack/flash.rb:147:in `call'
/Users/buffpojken/.rvm/gems/ruby-1.9.2-p180/gems/rack-1.3.3/lib/rack/session/abstract/id.rb:195:in `context'
/Users/buffpojken/.rvm/gems/ruby-1.9.2-p180/gems/rack-1.3.3/lib/rack/session/abstract/id.rb:190:in `call'
/Users/buffpojken/.rvm/gems/ruby-1.9.2-p180/gems/rack-1.3.3/lib/rack/head.rb:9:in `call'
/Users/buffpojken/.rvm/gems/ruby-1.9.2-p180/gems/sinatra-1.2.6/lib/sinatra/showexceptions.rb:21:in `call'
/Users/buffpojken/.rvm/gems/ruby-1.9.2-p180/gems/sinatra-1.2.6/lib/sinatra/base.rb:1272:in `block in call'
/Users/buffpojken/.rvm/gems/ruby-1.9.2-p180/gems/sinatra-1.2.6/lib/sinatra/base.rb:1303:in `synchronize'
/Users/buffpojken/.rvm/gems/ruby-1.9.2-p180/gems/sinatra-1.2.6/lib/sinatra/base.rb:1272:in `call'
/Users/buffpojken/.rvm/gems/ruby-1.9.2-p180/gems/thin-1.2.11/lib/thin/connection.rb:84:in `block in pre_process'
/Users/buffpojken/.rvm/gems/ruby-1.9.2-p180/gems/thin-1.2.11/lib/thin/connection.rb:82:in `catch'
/Users/buffpojken/.rvm/gems/ruby-1.9.2-p180/gems/thin-1.2.11/lib/thin/connection.rb:82:in `pre_process'
/Users/buffpojken/.rvm/gems/ruby-1.9.2-p180/gems/thin-1.2.11/lib/thin/connection.rb:57:in `process'
/Users/buffpojken/.rvm/gems/ruby-1.9.2-p180/gems/thin-1.2.11/lib/thin/connection.rb:42:in `receive_data'
/Users/buffpojken/.rvm/gems/ruby-1.9.2-p180/gems/eventmachine-0.12.10/lib/eventmachine.rb:256:in `run_machine'
/Users/buffpojken/.rvm/gems/ruby-1.9.2-p180/gems/eventmachine-0.12.10/lib/eventmachine.rb:256:in `run'
/Users/buffpojken/Projects/Ruby/keyhole/lib/keyhole.rb:14:in `<top (required)>'
/Users/buffpojken/.rvm/gems/ruby-1.9.2-p180/gems/daemons-1.1.4/lib/daemons/application.rb:202:in `load'
/Users/buffpojken/.rvm/gems/ruby-1.9.2-p180/gems/daemons-1.1.4/lib/daemons/application.rb:202:in `start_load'
/Users/buffpojken/.rvm/gems/ruby-1.9.2-p180/gems/daemons-1.1.4/lib/daemons/application.rb:295:in `start'
/Users/buffpojken/.rvm/gems/ruby-1.9.2-p180/gems/daemons-1.1.4/lib/daemons/controller.rb:70:in `run'
/Users/buffpojken/.rvm/gems/ruby-1.9.2-p180/gems/daemons-1.1.4/lib/daemons.rb:145:in `block in run'
/Users/buffpojken/.rvm/gems/ruby-1.9.2-p180/gems/daemons-1.1.4/lib/daemons/cmdline.rb:109:in `call'
/Users/buffpojken/.rvm/gems/ruby-1.9.2-p180/gems/daemons-1.1.4/lib/daemons/cmdline.rb:109:in `catch_exceptions'
/Users/buffpojken/.rvm/gems/ruby-1.9.2-p180/gems/daemons-1.1.4/lib/daemons.rb:144:in `run'
./keyhole:8:in `<main>'
E, [2011-09-23T21:36:10.572158 #27754] ERROR -- : undefined method `unpack' for nil:NilClass (NoMethodError)
/Users/buffpojken/.rvm/gems/ruby-1.9.2-p180/gems/rack-1.3.3/lib/rack/session/cookie.rb:52:in `decode'
/Users/buffpojken/.rvm/gems/ruby-1.9.2-p180/gems/rack-1.3.3/lib/rack/session/cookie.rb:62:in `decode'
/Users/buffpojken/.rvm/gems/ruby-1.9.2-p180/gems/rack-1.3.3/lib/rack/session/cookie.rb:109:in `unpacked_cookie_data'
/Users/buffpojken/.rvm/gems/ruby-1.9.2-p180/gems/rack-1.3.3/lib/rack/session/cookie.rb:96:in `extract_session_id'
/Users/buffpojken/.rvm/gems/ruby-1.9.2-p180/gems/rack-1.3.3/lib/rack/session/abstract/id.rb:43:in `load_session_id!'
/Users/buffpojken/.rvm/gems/ruby-1.9.2-p180/gems/rack-1.3.3/lib/rack/session/abstract/id.rb:32:in `[]'
/Users/buffpojken/.rvm/gems/ruby-1.9.2-p180/gems/rack-1.3.3/lib/rack/session/abstract/id.rb:252:in `current_session_id'
/Users/buffpojken/.rvm/gems/ruby-1.9.2-p180/gems/rack-1.3.3/lib/rack/session/abstract/id.rb:258:in `session_exists?'
/Users/buffpojken/.rvm/gems/ruby-1.9.2-p180/gems/rack-1.3.3/lib/rack/session/abstract/id.rb:104:in `exists?'
/Users/buffpojken/.rvm/gems/ruby-1.9.2-p180/gems/rack-1.3.3/lib/rack/session/abstract/id.rb:114:in `load_for_read!'
/Users/buffpojken/.rvm/gems/ruby-1.9.2-p180/gems/rack-1.3.3/lib/rack/session/abstract/id.rb:59:in `[]'
/Users/buffpojken/.rvm/gems/ruby-1.9.2-p180/gems/rack-flash-0.1.2/lib/rack/flash.rb:112:in `values'
/Users/buffpojken/.rvm/gems/ruby-1.9.2-p180/gems/rack-flash-0.1.2/lib/rack/flash.rb:55:in `[]'
/Users/buffpojken/Projects/Ruby/keyhole/lib/webgui/views/frontpage.erb:12:in `evaluate_source'
/Users/buffpojken/.rvm/gems/ruby-1.9.2-p180/gems/tilt-1.3.3/lib/tilt/template.rb:209:in `instance_eval'
/Users/buffpojken/.rvm/gems/ruby-1.9.2-p180/gems/tilt-1.3.3/lib/tilt/template.rb:209:in `evaluate_source'
/Users/buffpojken/.rvm/gems/ruby-1.9.2-p180/gems/tilt-1.3.3/lib/tilt/template.rb:144:in `cached_evaluate'
/Users/buffpojken/.rvm/gems/ruby-1.9.2-p180/gems/tilt-1.3.3/lib/tilt/template.rb:127:in `evaluate'
/Users/buffpojken/.rvm/gems/ruby-1.9.2-p180/gems/tilt-1.3.3/lib/tilt/template.rb:76:in `render'
/Users/buffpojken/.rvm/gems/ruby-1.9.2-p180/gems/sinatra-1.2.6/lib/sinatra/base.rb:563:in `render'
/Users/buffpojken/.rvm/gems/ruby-1.9.2-p180/gems/sinatra-1.2.6/lib/sinatra/base.rb:455:in `erb'
/Users/buffpojken/Projects/Ruby/keyhole/lib/webgui/webgui.rb:58:in `block in <class:WebGui>'
/Users/buffpojken/.rvm/gems/ruby-1.9.2-p180/gems/sinatra-1.2.6/lib/sinatra/base.rb:1152:in `call'
/Users/buffpojken/.rvm/gems/ruby-1.9.2-p180/gems/sinatra-1.2.6/lib/sinatra/base.rb:1152:in `block in compile!'
/Users/buffpojken/.rvm/gems/ruby-1.9.2-p180/gems/sinatra-1.2.6/lib/sinatra/base.rb:724:in `instance_eval'
/Users/buffpojken/.rvm/gems/ruby-1.9.2-p180/gems/sinatra-1.2.6/lib/sinatra/base.rb:724:in `route_eval'
/Users/buffpojken/.rvm/gems/ruby-1.9.2-p180/gems/sinatra-1.2.6/lib/sinatra/base.rb:708:in `block (2 levels) in route!'
/Users/buffpojken/.rvm/gems/ruby-1.9.2-p180/gems/sinatra-1.2.6/lib/sinatra/base.rb:758:in `block in process_route'
/Users/buffpojken/.rvm/gems/ruby-1.9.2-p180/gems/sinatra-1.2.6/lib/sinatra/base.rb:755:in `catch'
/Users/buffpojken/.rvm/gems/ruby-1.9.2-p180/gems/sinatra-1.2.6/lib/sinatra/base.rb:755:in `process_route'
/Users/buffpojken/.rvm/gems/ruby-1.9.2-p180/gems/sinatra-1.2.6/lib/sinatra/base.rb:707:in `block in route!'
/Users/buffpojken/.rvm/gems/ruby-1.9.2-p180/gems/sinatra-1.2.6/lib/sinatra/base.rb:706:in `each'
/Users/buffpojken/.rvm/gems/ruby-1.9.2-p180/gems/sinatra-1.2.6/lib/sinatra/base.rb:706:in `route!'
/Users/buffpojken/.rvm/gems/ruby-1.9.2-p180/gems/sinatra-1.2.6/lib/sinatra/base.rb:843:in `dispatch!'
/Users/buffpojken/.rvm/gems/ruby-1.9.2-p180/gems/sinatra-1.2.6/lib/sinatra/base.rb:644:in `block in call!'
/Users/buffpojken/.rvm/gems/ruby-1.9.2-p180/gems/sinatra-1.2.6/lib/sinatra/base.rb:808:in `instance_eval'
/Users/buffpojken/.rvm/gems/ruby-1.9.2-p180/gems/sinatra-1.2.6/lib/sinatra/base.rb:808:in `block in invoke'
/Users/buffpojken/.rvm/gems/ruby-1.9.2-p180/gems/sinatra-1.2.6/lib/sinatra/base.rb:808:in `catch'
/Users/buffpojken/.rvm/gems/ruby-1.9.2-p180/gems/sinatra-1.2.6/lib/sinatra/base.rb:808:in `invoke'
/Users/buffpojken/.rvm/gems/ruby-1.9.2-p180/gems/sinatra-1.2.6/lib/sinatra/base.rb:644:in `call!'
/Users/buffpojken/.rvm/gems/ruby-1.9.2-p180/gems/sinatra-1.2.6/lib/sinatra/base.rb:629:in `call'
/Users/buffpojken/.rvm/gems/ruby-1.9.2-p180/gems/rack-flash-0.1.2/lib/rack/flash.rb:147:in `call'
/Users/buffpojken/.rvm/gems/ruby-1.9.2-p180/gems/rack-1.3.3/lib/rack/session/abstract/id.rb:195:in `context'
/Users/buffpojken/.rvm/gems/ruby-1.9.2-p180/gems/rack-1.3.3/lib/rack/session/abstract/id.rb:190:in `call'
/Users/buffpojken/.rvm/gems/ruby-1.9.2-p180/gems/rack-1.3.3/lib/rack/head.rb:9:in `call'
/Users/buffpojken/.rvm/gems/ruby-1.9.2-p180/gems/sinatra-1.2.6/lib/sinatra/showexceptions.rb:21:in `call'
/Users/buffpojken/.rvm/gems/ruby-1.9.2-p180/gems/sinatra-1.2.6/lib/sinatra/base.rb:1272:in `block in call'
/Users/buffpojken/.rvm/gems/ruby-1.9.2-p180/gems/sinatra-1.2.6/lib/sinatra/base.rb:1303:in `synchronize'
/Users/buffpojken/.rvm/gems/ruby-1.9.2-p180/gems/sinatra-1.2.6/lib/sinatra/base.rb:1272:in `call'
/Users/buffpojken/.rvm/gems/ruby-1.9.2-p180/gems/thin-1.2.11/lib/thin/connection.rb:84:in `block in pre_process'
/Users/buffpojken/.rvm/gems/ruby-1.9.2-p180/gems/thin-1.2.11/lib/thin/connection.rb:82:in `catch'
/Users/buffpojken/.rvm/gems/ruby-1.9.2-p180/gems/thin-1.2.11/lib/thin/connection.rb:82:in `pre_process'
/Users/buffpojken/.rvm/gems/ruby-1.9.2-p180/gems/thin-1.2.11/lib/thin/connection.rb:57:in `process'
/Users/buffpojken/.rvm/gems/ruby-1.9.2-p180/gems/thin-1.2.11/lib/thin/connection.rb:42:in `receive_data'
/Users/buffpojken/.rvm/gems/ruby-1.9.2-p180/gems/eventmachine-0.12.10/lib/eventmachine.rb:256:in `run_machine'
/Users/buffpojken/.rvm/gems/ruby-1.9.2-p180/gems/eventmachine-0.12.10/lib/eventmachine.rb:256:in `run'
/Users/buffpojken/Projects/Ruby/keyhole/lib/keyhole.rb:14:in `<top (required)>'
/Users/buffpojken/.rvm/gems/ruby-1.9.2-p180/gems/daemons-1.1.4/lib/daemons/application.rb:202:in `load'
/Users/buffpojken/.rvm/gems/ruby-1.9.2-p180/gems/daemons-1.1.4/lib/daemons/application.rb:202:in `start_load'
/Users/buffpojken/.rvm/gems/ruby-1.9.2-p180/gems/daemons-1.1.4/lib/daemons/application.rb:295:in `start'
/Users/buffpojken/.rvm/gems/ruby-1.9.2-p180/gems/daemons-1.1.4/lib/daemons/controller.rb:70:in `run'
/Users/buffpojken/.rvm/gems/ruby-1.9.2-p180/gems/daemons-1.1.4/lib/daemons.rb:145:in `block in run'
/Users/buffpojken/.rvm/gems/ruby-1.9.2-p180/gems/daemons-1.1.4/lib/daemons/cmdline.rb:109:in `call'
/Users/buffpojken/.rvm/gems/ruby-1.9.2-p180/gems/daemons-1.1.4/lib/daemons/cmdline.rb:109:in `catch_exceptions'
/Users/buffpojken/.rvm/gems/ruby-1.9.2-p180/gems/daemons-1.1.4/lib/daemons.rb:144:in `run'
./keyhole:8:in `<main>'
